(02/13/1980 14:41:59) Information [MPT Runtime] "Procedure Beginning: TRACCION.000"
(02/13/1980 14:42:00) Information [MPT Runtime] "Running"
(02/13/1980 14:42:10) Warning [Stmgr] "Program Interlock (J29)."
(02/13/1980 14:42:10) Warning [Stmgr] "Program Interlock 1 -- External Hardware Interlock."
(02/13/1980 14:42:10) Information [MPT Runtime] "Entering Stopped"
(02/13/1980 14:42:10) Error [MPT Runtime] "Procedure Interlocked: Program interlock is set.
 Running Time:  00:00:10 
 Channel Counters:
    Axial -          0  Cycles"
(02/13/1980 14:42:10) Information [MPT Runtime] "Stopped
 Running Time:  00:00:10 
 Channel Counters:
    Axial -          0  Cycles"
(02/13/1980 14:42:26) Information [MPT Runtime] "Exiting Stopped"
(02/13/1980 14:42:26) Information [MPT Runtime] "Running"
(02/13/1980 14:42:30) Information [MPT/Operator Event] "Operator Event 'inicio tst' Occurred: ''"
(02/13/1980 14:43:53) Information [MPT Runtime] "Entering Stopped"
(02/13/1980 14:43:53) Information [MPT Runtime] "Stopped
 Running Time:  00:01:37 
 Channel Counters:
    Axial -          0  Cycles"
(02/13/1980 14:43:57) Information [Stmgr] "HSM 1 -- No Pressure."
(02/13/1980 14:44:07) Warning [Stmgr] "Program Interlock (J29)."
(02/13/1980 14:44:07) Warning [Stmgr] "Program Interlock 1 -- External Hardware Interlock."
